This is pdfTeX, Version 3.141592653-2.6-1.40.24 (MiKTeX 22.3) (preloaded format=pdflatex 2022.6.6)  7 JUL 2023 10:22
entering extended mode
 restricted \write18 enabled.
 %&-line parsing enabled.
**./main.tex
(main.tex
LaTeX2e <2021-11-15> patch level 1
L3 programming layer <2022-02-24>
(C:\Users\leofr\AppData\Local\Programs\MiKTeX\tex/latex/base\article.cls
Document Class: article 2021/10/04 v1.4n Standard LaTeX document class
(C:\Users\leofr\AppData\Local\Programs\MiKTeX\tex/latex/base\size10.clo
File: size10.clo 2021/10/04 v1.4n Standard LaTeX file (size option)
)
\c@part=\count185
\c@section=\count186
\c@subsection=\count187
\c@subsubsection=\count188
\c@paragraph=\count189
\c@subparagraph=\count190
\c@figure=\count191
\c@table=\count192
\abovecaptionskip=\skip47
\belowcaptionskip=\skip48
\bibindent=\dimen138
)
(header.tex
(C:\Users\leofr\AppData\Local\Programs\MiKTeX\tex/generic/babel\babel.sty
Package: babel 2022/02/26 3.73 The Babel package
\babel@savecnt=\count193
\U@D=\dimen139
\l@unhyphenated=\language79

(C:\Users\leofr\AppData\Local\Programs\MiKTeX\tex/generic/babel\txtbabel.def)
\bbl@readstream=\read2
\bbl@dirlevel=\count194

*************************************
* Local config file bblopts.cfg used
*
(C:\Users\leofr\AppData\Local\Programs\MiKTeX\tex/latex/arabi\bblopts.cfg
File: bblopts.cfg 2005/09/08 v0.1 add Arabic and Farsi to "declared" options of
 babel
)
(C:\Users\leofr\AppData\Local\Programs\MiKTeX\tex/latex/babel-english\english.l
df
Language: english 2017/06/06 v3.3r English support from the babel system
Package babel Info: Hyphen rules for 'canadian' set to \l@english
(babel)             (\language0). Reported on input line 102.
Package babel Info: Hyphen rules for 'australian' set to \l@ukenglish
(babel)             (\language73). Reported on input line 105.
Package babel Info: Hyphen rules for 'newzealand' set to \l@ukenglish
(babel)             (\language73). Reported on input line 108.
))
(C:\Users\leofr\AppData\Local\Programs\MiKTeX\tex/latex/geometry\geometry.sty
Package: geometry 2020/01/02 v5.9 Page Geometry

(C:\Users\leofr\AppData\Local\Programs\MiKTeX\tex/latex/graphics\keyval.sty
Package: keyval 2014/10/28 v1.15 key=value parser (DPC)
\KV@toks@=\toks16
)
(C:\Users\leofr\AppData\Local\Programs\MiKTeX\tex/generic/iftex\ifvtex.sty
Package: ifvtex 2019/10/25 v1.7 ifvtex legacy package. Use iftex instead.

(C:\Users\leofr\AppData\Local\Programs\MiKTeX\tex/generic/iftex\iftex.sty
Package: iftex 2022/02/03 v1.0f TeX engine tests
))
\Gm@cnth=\count195
\Gm@cntv=\count196
\c@Gm@tempcnt=\count197
\Gm@bindingoffset=\dimen140
\Gm@wd@mp=\dimen141
\Gm@odd@mp=\dimen142
\Gm@even@mp=\dimen143
\Gm@layoutwidth=\dimen144
\Gm@layoutheight=\dimen145
\Gm@layouthoffset=\dimen146
\Gm@layoutvoffset=\dimen147
\Gm@dimlist=\toks17

(C:\Users\leofr\AppData\Local\Programs\MiKTeX\tex/latex/geometry\geometry.cfg))
(C:\Users\leofr\AppData\Local\Programs\MiKTeX\tex/latex/graphics\graphicx.sty
Package: graphicx 2021/09/16 v1.2d Enhanced LaTeX Graphics (DPC,SPQR)

(C:\Users\leofr\AppData\Local\Programs\MiKTeX\tex/latex/graphics\graphics.sty
Package: graphics 2021/03/04 v1.4d Standard LaTeX Graphics (DPC,SPQR)

(C:\Users\leofr\AppData\Local\Programs\MiKTeX\tex/latex/graphics\trig.sty
Package: trig 2021/08/11 v1.11 sin cos tan (DPC)
)
(C:\Users\leofr\AppData\Local\Programs\MiKTeX\tex/latex/graphics-cfg\graphics.c
fg
File: graphics.cfg 2016/06/04 v1.11 sample graphics configuration
)
Package graphics Info: Driver file: pdftex.def on input line 107.

(C:\Users\leofr\AppData\Local\Programs\MiKTeX\tex/latex/graphics-def\pdftex.def
File: pdftex.def 2020/10/05 v1.2a Graphics/color driver for pdftex
))
\Gin@req@height=\dimen148
\Gin@req@width=\dimen149
) (C:\Users\leofr\AppData\Local\Programs\MiKTeX\tex/latex/tools\verbatim.sty
Package: verbatim 2020-07-07 v1.5u LaTeX2e package for verbatim enhancements
\every@verbatim=\toks18
\verbatim@line=\toks19
\verbatim@in@stream=\read3
))
(C:\Users\leofr\AppData\Local\Programs\MiKTeX\tex/latex/l3backend\l3backend-pdf
tex.def
File: l3backend-pdftex.def 2022-02-07 L3 backend support: PDF output (pdfTeX)
\l__color_backend_stack_int=\count198
\l__pdf_internal_box=\box50
) (main.aux)
\openout1 = `main.aux'.

LaTeX Font Info:    Checking defaults for OML/cmm/m/it on input line 5.
LaTeX Font Info:    ... okay on input line 5.
LaTeX Font Info:    Checking defaults for OMS/cmsy/m/n on input line 5.
LaTeX Font Info:    ... okay on input line 5.
LaTeX Font Info:    Checking defaults for OT1/cmr/m/n on input line 5.
LaTeX Font Info:    ... okay on input line 5.
LaTeX Font Info:    Checking defaults for T1/cmr/m/n on input line 5.
LaTeX Font Info:    ... okay on input line 5.
LaTeX Font Info:    Checking defaults for TS1/cmr/m/n on input line 5.
LaTeX Font Info:    ... okay on input line 5.
LaTeX Font Info:    Checking defaults for OMX/cmex/m/n on input line 5.
LaTeX Font Info:    ... okay on input line 5.
LaTeX Font Info:    Checking defaults for U/cmr/m/n on input line 5.
LaTeX Font Info:    ... okay on input line 5.

*geometry* driver: auto-detecting
*geometry* detected driver: pdftex
*geometry* verbose mode - [ preamble ] result:
* driver: pdftex
* paper: <default>
* layout: <same size as paper>
* layoutoffset:(h,v)=(0.0pt,0.0pt)
* modes: 
* h-part:(L,W,R)=(71.13188pt, 472.03123pt, 71.13188pt)
* v-part:(T,H,B)=(42.67912pt, 709.61174pt, 42.67912pt)
* \paperwidth=614.295pt
* \paperheight=794.96999pt
* \textwidth=472.03123pt
* \textheight=709.61174pt
* \oddsidemargin=-1.1381pt
* \evensidemargin=-1.1381pt
* \topmargin=-66.59087pt
* \headheight=12.0pt
* \headsep=25.0pt
* \topskip=10.0pt
* \footskip=30.0pt
* \marginparwidth=65.0pt
* \marginparsep=11.0pt
* \columnsep=10.0pt
* \skip\footins=9.0pt plus 4.0pt minus 2.0pt
* \hoffset=0.0pt
* \voffset=0.0pt
* \mag=1000
* \@twocolumnfalse
* \@twosidefalse
* \@mparswitchfalse
* \@reversemarginfalse
* (1in=72.27pt=25.4mm, 1cm=28.453pt)


(C:\Users\leofr\AppData\Local\Programs\MiKTeX\tex/context/base/mkii\supp-pdf.mk
ii
[Loading MPS to PDF converter (version 2006.09.02).]
\scratchcounter=\count199
\scratchdimen=\dimen150
\scratchbox=\box51
\nofMPsegments=\count266
\nofMParguments=\count267
\everyMPshowfont=\toks20
\MPscratchCnt=\count268
\MPscratchDim=\dimen151
\MPnumerator=\count269
\makeMPintoPDFobject=\count270
\everyMPtoPDFconversion=\toks21
)
(C:\Users\leofr\AppData\Local\Programs\MiKTeX\tex/latex/epstopdf-pkg\epstopdf-b
ase.sty
Package: epstopdf-base 2020-01-24 v2.11 Base part for package epstopdf
Package epstopdf-base Info: Redefining graphics rule for `.eps' on input line 4
85.

(C:\Users\leofr\AppData\Local\Programs\MiKTeX\tex/latex/00miktex\epstopdf-sys.c
fg
File: epstopdf-sys.cfg 2021/03/18 v2.0 Configuration of epstopdf for MiKTeX
)) (alpha5.tex
LaTeX Font Info:    External font `cmex10' loaded for size
(Font)              <17.28> on input line 3.
LaTeX Font Info:    External font `cmex10' loaded for size
(Font)              <12> on input line 3.

Underfull \hbox (badness 10000) in paragraph at lines 19--31

 []


Underfull \hbox (badness 10000) in paragraph at lines 19--31

 []


Underfull \hbox (badness 10000) in paragraph at lines 19--31

 []

<./images//initial position.png, id=1, 462.528pt x 410.4936pt>
File: ./images//initial position.png Graphic file (type png)
<use ./images//initial position.png>
Package pdftex.def Info: ./images//initial position.png  used on input line 32.

(pdftex.def)             Requested size: 231.26343pt x 205.24629pt.
[1

{C:/Users/leofr/AppData/Local/MiKTeX/fonts/map/pdftex/pdftex.map}]
Overfull \hbox (5.23866pt too wide) in paragraph at lines 36--49
\OT1/cmr/m/n/17.28 Pour l'exemple, on po-si-tion-nera les poitns sur le cer-cle
 mais les chemins
 []


Overfull \hbox (19.2801pt too wide) in paragraph at lines 36--49
\OT1/cmr/m/n/17.28 utilis^^Ses marcheront quelque soit leur po-si-tion-nement t
ant que l'enveloppe
 []


Underfull \hbox (badness 10000) in paragraph at lines 36--49

 []


Underfull \hbox (badness 10000) in paragraph at lines 36--49

 []

[2 <./images//initial position.png>]
<./images//2eme cas.png, id=17, 462.528pt x 401.0985pt>
File: ./images//2eme cas.png Graphic file (type png)
<use ./images//2eme cas.png>
Package pdftex.def Info: ./images//2eme cas.png  used on input line 50.
(pdftex.def)             Requested size: 231.26343pt x 200.54875pt.

Underfull \hbox (badness 10000) in paragraph at lines 54--59

 []

<./images//3eme cas1.png, id=18, 462.528pt x 414.8298pt>
File: ./images//3eme cas1.png Graphic file (type png)
<use ./images//3eme cas1.png>
Package pdftex.def Info: ./images//3eme cas1.png  used on input line 64.
(pdftex.def)             Requested size: 208.13567pt x 186.67168pt.
[3 <./images//2eme cas.png> <./images//3eme cas1.png>]
<./images//3eme cas2.png, id=24, 462.528pt x 403.9893pt>
File: ./images//3eme cas2.png Graphic file (type png)
<use ./images//3eme cas2.png>
Package pdftex.def Info: ./images//3eme cas2.png  used on input line 72.
(pdftex.def)             Requested size: 231.26343pt x 201.99416pt.
<./images//3eme cas3.png, id=25, 462.528pt x 406.8801pt>
File: ./images//3eme cas3.png Graphic file (type png)
<use ./images//3eme cas3.png>
Package pdftex.def Info: ./images//3eme cas3.png  used on input line 78.
(pdftex.def)             Requested size: 231.26343pt x 203.43954pt.

Underfull \hbox (badness 10000) in paragraph at lines 80--85

 []

[4 <./images//3eme cas2.png> <./images//3eme cas3.png>]
<./images//4eme cas.png, id=31, 462.528pt x 418.4433pt>
File: ./images//4eme cas.png Graphic file (type png)
<use ./images//4eme cas.png>
Package pdftex.def Info: ./images//4eme cas.png  used on input line 94.
(pdftex.def)             Requested size: 231.26343pt x 209.22113pt.

Underfull \hbox (badness 10000) in paragraph at lines 96--101

 []


Overfull \hbox (21.12828pt too wide) in paragraph at lines 108--116
\OT1/cmr/m/n/17.28 mencer par $\OML/cmm/m/it/17.28 b$ \OT1/cmr/m/n/17.28 ou le 
point li-bre du haut so-lu-tion-nera tou-jours le probl^^Reme... 
 []


Underfull \hbox (badness 10000) in paragraph at lines 108--116

 []


Underfull \hbox (badness 10000) in paragraph at lines 108--116

 []

[5 <./images//4eme cas.png>]
<./images//n3.png, id=36, 462.528pt x 435.7881pt>
File: ./images//n3.png Graphic file (type png)
<use ./images//n3.png>
Package pdftex.def Info: ./images//n3.png  used on input line 117.
(pdftex.def)             Requested size: 231.26343pt x 217.89351pt.
) (cpp implementation.tex [6 <./images//n3.png>]
Overfull \hbox (39.173pt too wide) in paragraph at lines 8--9
\OT1/cmr/m/n/17.28 ces con-jec-tures, il est int^^Seressant d'am^^Seliorer nos 
al-go-rithmes pr^^Sec^^Sedemment
 []

[7]
<./images//opt_non_plan.png, id=45, 462.528pt x 346.896pt>
File: ./images//opt_non_plan.png Graphic file (type png)
<use ./images//opt_non_plan.png>
Package pdftex.def Info: ./images//opt_non_plan.png  used on input line 23.
(pdftex.def)             Requested size: 231.26343pt x 173.44757pt.
<./images//seg_non_plan.png, id=46, 462.528pt x 346.896pt>
File: ./images//seg_non_plan.png Graphic file (type png)
<use ./images//seg_non_plan.png>
Package pdftex.def Info: ./images//seg_non_plan.png  used on input line 24.
(pdftex.def)             Requested size: 231.26343pt x 173.44757pt.

Overfull \hbox (8.9067pt too wide) in paragraph at lines 23--25
[][] [] 
 []


Overfull \hbox (22.93016pt too wide) in paragraph at lines 26--27
\OT1/cmr/m/n/17.28 que seg-ment ne r^^Sesout pas compl^^Retement le cas con-vex
e mais l'approxime. 
 []


Overfull \hbox (24.45242pt too wide) in paragraph at lines 28--29
[]\OT1/cmr/m/n/17.28 Ma con-tri-bu-tion sur ce su-jet aura ^^Set^^Se l'impl^^Se
mentation et l'optimisation
 []

[8 <./images//opt_non_plan.png> <./images//seg_non_plan.png>] [9] [10] [11]
<./images//beta_2n1.png, id=63, 462.528pt x 346.896pt>
File: ./images//beta_2n1.png Graphic file (type png)
<use ./images//beta_2n1.png>
Package pdftex.def Info: ./images//beta_2n1.png  used on input line 70.
(pdftex.def)             Requested size: 231.26343pt x 173.44757pt.

[12 <./images//beta_2n1.png>]
<./images//beta_2n2.png, id=68, 462.528pt x 346.896pt>
File: ./images//beta_2n2.png Graphic file (type png)
<use ./images//beta_2n2.png>
Package pdftex.def Info: ./images//beta_2n2.png  used on input line 76.
(pdftex.def)             Requested size: 231.26343pt x 173.44757pt.
 [13 <./images//beta_2n2.png>]) [14] (main.aux) ) 
Here is how much of TeX's memory you used:
 2969 strings out of 478582
 51439 string characters out of 2844345
 365179 words of memory out of 3000000
 21149 multiletter control sequences out of 15000+600000
 472167 words of font info for 38 fonts, out of 8000000 for 9000
 1141 hyphenation exceptions out of 8191
 60i,6n,65p,1748b,272s stack positions out of 10000i,1000n,20000p,200000b,80000s
<C:/Users/leofr/AppData/Local/
Programs/MiKTeX/fonts/type1/public/amsfonts/cm/cmbx12.pfb><C:/Users/leofr/AppDa
ta/Local/Programs/MiKTeX/fonts/type1/public/amsfonts/cm/cmmi10.pfb><C:/Users/le
ofr/AppData/Local/Programs/MiKTeX/fonts/type1/public/amsfonts/cm/cmmi12.pfb><C:
/Users/leofr/AppData/Local/Programs/MiKTeX/fonts/type1/public/amsfonts/cm/cmr10
.pfb><C:/Users/leofr/AppData/Local/Programs/MiKTeX/fonts/type1/public/amsfonts/
cm/cmr12.pfb><C:/Users/leofr/AppData/Local/Programs/MiKTeX/fonts/type1/public/a
msfonts/cm/cmr17.pfb><C:/Users/leofr/AppData/Local/Programs/MiKTeX/fonts/type1/
public/amsfonts/cm/cmsy10.pfb><C:/Users/leofr/AppData/Local/Programs/MiKTeX/fon
ts/type1/public/amsfonts/cm/cmtt12.pfb>
Output written on main.pdf (14 pages, 519342 bytes).
PDF statistics:
 111 PDF objects out of 1000 (max. 8388607)
 0 named destinations out of 1000 (max. 500000)
 56 words of extra memory for PDF output out of 10000 (max. 10000000)

